d:\my school\gbc\instructor notes\game1017 - game fundamentals ii\examples\game1017_w0x_scrollingtiledplatformer\game1017_template_w01\debug\vc141.pdb
d:\my school\gbc\instructor notes\game1017 - game fundamentals ii\examples\game1017_w0x_scrollingtiledplatformer\game1017_template_w01\debug\vc141.idb
d:\my school\gbc\instructor notes\game1017 - game fundamentals ii\examples\game1017_w0x_scrollingtiledplatformer\game1017_template_w01\debug\texturemanager.obj
d:\my school\gbc\instructor notes\game1017 - game fundamentals ii\examples\game1017_w0x_scrollingtiledplatformer\game1017_template_w01\debug\states.obj
d:\my school\gbc\instructor notes\game1017 - game fundamentals ii\examples\game1017_w0x_scrollingtiledplatformer\game1017_template_w01\debug\mathmanager.obj
d:\my school\gbc\instructor notes\game1017 - game fundamentals ii\examples\game1017_w0x_scrollingtiledplatformer\game1017_template_w01\debug\main.obj
d:\my school\gbc\instructor notes\game1017 - game fundamentals ii\examples\game1017_w0x_scrollingtiledplatformer\game1017_template_w01\debug\label.obj
d:\my school\gbc\instructor notes\game1017 - game fundamentals ii\examples\game1017_w0x_scrollingtiledplatformer\game1017_template_w01\debug\statemanager.obj
d:\my school\gbc\instructor notes\game1017 - game fundamentals ii\examples\game1017_w0x_scrollingtiledplatformer\game1017_template_w01\debug\soundmanager.obj
d:\my school\gbc\instructor notes\game1017 - game fundamentals ii\examples\game1017_w0x_scrollingtiledplatformer\game1017_template_w01\debug\platformplayer.obj
d:\my school\gbc\instructor notes\game1017 - game fundamentals ii\examples\game1017_w0x_scrollingtiledplatformer\game1017_template_w01\debug\fontmanager.obj
d:\my school\gbc\instructor notes\game1017 - game fundamentals ii\examples\game1017_w0x_scrollingtiledplatformer\game1017_template_w01\debug\eventmanager.obj
d:\my school\gbc\instructor notes\game1017 - game fundamentals ii\examples\game1017_w0x_scrollingtiledplatformer\game1017_template_w01\debug\engine.obj
d:\my school\gbc\instructor notes\game1017 - game fundamentals ii\examples\game1017_w0x_scrollingtiledplatformer\game1017_template_w01\debug\debugmanager.obj
d:\my school\gbc\instructor notes\game1017 - game fundamentals ii\examples\game1017_w0x_scrollingtiledplatformer\game1017_template_w01\debug\collisionmanager.obj
d:\my school\gbc\instructor notes\game1017 - game fundamentals ii\examples\game1017_w0x_scrollingtiledplatformer\game1017_template_w01\debug\button.obj
d:\my school\gbc\instructor notes\game1017 - game fundamentals ii\examples\game1017_w0x_scrollingtiledplatformer\game1017_template_w01\debug\vc142.pdb
d:\my school\gbc\instructor notes\game1017 - game fundamentals ii\examples\game1017_w0x_scrollingtiledplatformer\game1017_template_w01\debug\vc142.idb
d:\my school\gbc\instructor notes\game1017 - game fundamentals ii\examples\game1017_w0x_scrollingtiledplatformer\debug\game1017_template_w01.exe
d:\my school\gbc\instructor notes\game1017 - game fundamentals ii\examples\game1017_w0x_scrollingtiledplatformer\debug\game1017_template_w01.ilk
d:\my school\gbc\instructor notes\game1017 - game fundamentals ii\examples\game1017_w0x_scrollingtiledplatformer\debug\game1017_template_w01.pdb
d:\my school\gbc\instructor notes\game1017 - game fundamentals ii\examples\game1017_w0x_scrollingtiledplatformer\game1017_template_w01\debug\game1017.2745dd34.tlog\cl.command.1.tlog
d:\my school\gbc\instructor notes\game1017 - game fundamentals ii\examples\game1017_w0x_scrollingtiledplatformer\game1017_template_w01\debug\game1017.2745dd34.tlog\cl.read.1.tlog
d:\my school\gbc\instructor notes\game1017 - game fundamentals ii\examples\game1017_w0x_scrollingtiledplatformer\game1017_template_w01\debug\game1017.2745dd34.tlog\cl.write.1.tlog
d:\my school\gbc\instructor notes\game1017 - game fundamentals ii\examples\game1017_w0x_scrollingtiledplatformer\game1017_template_w01\debug\game1017.2745dd34.tlog\link.command.1.tlog
d:\my school\gbc\instructor notes\game1017 - game fundamentals ii\examples\game1017_w0x_scrollingtiledplatformer\game1017_template_w01\debug\game1017.2745dd34.tlog\link.read.1.tlog
d:\my school\gbc\instructor notes\game1017 - game fundamentals ii\examples\game1017_w0x_scrollingtiledplatformer\game1017_template_w01\debug\game1017.2745dd34.tlog\link.write.1.tlog
